<?xml version="1.0" encoding="UTF-8"?>
<testsuite xmlns:xsi="http://www.w3.org/2001/XMLSchema-instance" xsi:noNamespaceSchemaLocation="https://maven.apache.org/surefire/maven-surefire-plugin/xsd/surefire-test-report-3.0.xsd" version="3.0" name="com.booksapp.books_backend.BooksBackendApplicationTests" time="1.599" tests="1" errors="0" skipped="0" failures="0">
  <properties>
[...]
</properties>
  <testcase name="contextLoads" classname="com.booksapp.books_backend.BooksBackendApplicationTests" time="0.354">
    <system-out><![CDATA[10:59:24.579 [main] INFO org.springframework.test.context.support.AnnotationConfigContextLoaderUtils -- Could not detect default configuration classes for test class [com.booksapp.books_backend.BooksBackendApplicationTests]: BooksBackendApplicationTests does not declare any static, non-private, non-final, nested classes annotated with @Configuration.
10:59:24.624 [main] INFO org.springframework.boot.test.context.SpringBootTestContextBootstrapper -- Found @SpringBootConfiguration com.booksapp.books_backend.BooksBackendApplication for test class com.booksapp.books_backend.BooksBackendApplicationTests

  .   ____          _            __ _ _
 /\\ / ___'_ __ _ _(_)_ __  __ _ \ \ \ \
( ( )\___ | '_ | '_| | '_ \/ _` | \ \ \ \
 \\/  ___)| |_)| | | | | || (_| |  ) ) ) )
  '  |____| .__|_| |_|_| |_\__, | / / / /
 =========|_|==============|___/=/_/_/_/
 :: Spring Boot ::                (v3.2.4)

2024-04-18T10:59:24.762+05:30  INFO 10076 --- [books_backend] [           main] c.b.b.BooksBackendApplicationTests       : Starting BooksBackendApplicationTests using Java 21.0.2 with PID 10076 (started by vinayagamoorthyc in /Users/vinayagamoorthyc/Documents/SpringBoot Project/books_backend)
2024-04-18T10:59:24.763+05:30  INFO 10076 --- [books_backend] [           main] c.b.b.BooksBackendApplicationTests       : No active profile set, falling back to 1 default profile: "default"
2024-04-18T10:59:25.043+05:30  INFO 10076 --- [books_backend] [           main] .s.d.r.c.RepositoryConfigurationDelegate : Bootstrapping Spring Data MongoDB repositories in DEFAULT mode.
2024-04-18T10:59:25.058+05:30  INFO 10076 --- [books_backend] [           main] .s.d.r.c.RepositoryConfigurationDelegate : Finished Spring Data repository scanning in 13 ms. Found 3 MongoDB repository interfaces.
2024-04-18T10:59:25.374+05:30  INFO 10076 --- [books_backend] [           main] org.mongodb.driver.client                : MongoClient with metadata {"application": {"name": "VinayagaDB"}, "driver": {"name": "mongo-java-driver|sync|spring-boot", "version": "4.11.1"}, "os": {"type": "Darwin", "name": "Mac OS X", "architecture": "aarch64", "version": "14.4.1"}, "platform": "Java/Homebrew/21.0.2"} created with settings MongoClientSettings{readPreference=primary, writeConcern=WriteConcern{w=majority, wTimeout=null ms, journal=null}, retryWrites=true, retryReads=true, readConcern=ReadConcern{level=null}, credential=MongoCredential{mechanism=null, userName='VinayagaMoorthy27', source='admin', password=<hidden>, mechanismProperties=<hidden>}, transportSettings=null, streamFactoryFactory=null, commandListeners=[io.micrometer.core.instrument.binder.mongodb.MongoMetricsCommandListener@15c6027d], codecRegistry=ProvidersCodecRegistry{codecProviders=[ValueCodecProvider{}, BsonValueCodecProvider{}, DBRefCodecProvider{}, DBObjectCodecProvider{}, DocumentCodecProvider{}, CollectionCodecProvider{}, IterableCodecProvider{}, MapCodecProvider{}, GeoJsonCodecProvider{}, GridFSFileCodecProvider{}, Jsr310CodecProvider{}, JsonObjectCodecProvider{}, BsonCodecProvider{}, EnumCodecProvider{}, com.mongodb.client.model.mql.ExpressionCodecProvider@5927f904, com.mongodb.Jep395RecordCodecProvider@2bb62414, com.mongodb.KotlinCodecProvider@413d2cd1]}, loggerSettings=LoggerSettings{maxDocumentLength=1000}, clusterSettings={hosts=[127.0.0.1:27017], srvHost=vinayagadb.o991msv.mongodb.net, srvServiceName=mongodb, mode=MULTIPLE, requiredClusterType=REPLICA_SET, requiredReplicaSetName='atlas-dl9ijs-shard-0', serverSelector='null', clusterListeners='[]', serverSelectionTimeout='30000 ms', localThreshold='15 ms'}, socketSettings=SocketSettings{connectTimeoutMS=10000, readTimeoutMS=0, receiveBufferSize=0, proxySettings=ProxySettings{host=null, port=null, username=null, password=null}}, heartbeatSocketSettings=SocketSettings{connectTimeoutMS=10000, readTimeoutMS=10000, receiveBufferSize=0, proxySettings=ProxySettings{host=null, port=null, username=null, password=null}}, connectionPoolSettings=ConnectionPoolSettings{maxSize=100, minSize=0, maxWaitTimeMS=120000, maxConnectionLifeTimeMS=0, maxConnectionIdleTimeMS=0, maintenanceInitialDelayMS=0, maintenanceFrequencyMS=60000, connectionPoolListeners=[io.micrometer.core.instrument.binder.mongodb.MongoMetricsConnectionPoolListener@644d1b61], maxConnecting=2}, serverSettings=ServerSettings{heartbeatFrequencyMS=10000, minHeartbeatFrequencyMS=500, serverListeners='[]', serverMonitorListeners='[]'}, sslSettings=SslSettings{enabled=true, invalidHostNameAllowed=false, context=null}, applicationName='VinayagaDB', compressorList=[], uuidRepresentation=JAVA_LEGACY, serverApi=null, autoEncryptionSettings=null, dnsClient=null, inetAddressResolver=null, contextProvider=null}
2024-04-18T10:59:25.556+05:30  INFO 10076 --- [books_backend] [msv.mongodb.net] org.mongodb.driver.cluster               : Adding discovered server ac-1lp0jq8-shard-00-02.o991msv.mongodb.net:27017 to client view of cluster
2024-04-18T10:59:25.566+05:30  INFO 10076 --- [books_backend] [msv.mongodb.net] org.mongodb.driver.cluster               : Adding discovered server ac-1lp0jq8-shard-00-01.o991msv.mongodb.net:27017 to client view of cluster
2024-04-18T10:59:25.567+05:30  INFO 10076 --- [books_backend] [msv.mongodb.net] org.mongodb.driver.cluster               : Adding discovered server ac-1lp0jq8-shard-00-00.o991msv.mongodb.net:27017 to client view of cluster
2024-04-18T10:59:25.690+05:30  INFO 10076 --- [books_backend] [           main] o.s.b.a.e.web.EndpointLinksResolver      : Exposing 1 endpoint(s) beneath base path '/actuator'
2024-04-18T10:59:25.711+05:30  INFO 10076 --- [books_backend] [           main] c.b.b.BooksBackendApplicationTests       : Started BooksBackendApplicationTests in 1.041 seconds (process running for 1.392)
]]></system-out>
    <system-err><![CDATA[WARNING: A Java agent has been loaded dynamically (/Users/vinayagamoorthyc/.m2/repository/net/bytebuddy/byte-buddy-agent/1.14.12/byte-buddy-agent-1.14.12.jar)
WARNING: If a serviceability tool is in use, please run with -XX:+EnableDynamicAgentLoading to hide this warning
WARNING: If a serviceability tool is not in use, please run with -Djdk.instrument.traceUsage for more information
WARNING: Dynamic loading of agents will be disallowed by default in a future release
]]></system-err>
  </testcase>
</testsuite>